{"/Users/kittipich/Desktop/Software Eng/6Noob7Hack-Backend/controllers/rooms.js": {"path":"/Users/kittipich/Desktop/Software Eng/6Noob7Hack-Backend/controllers/rooms.js","statementMap":{"0":{"start":{"line":1,"column":13},"end":{"line":1,"column":38}},"1":{"start":{"line":2,"column":17},"end":{"line":2,"column":46}},"2":{"start":{"line":3,"column":20},"end":{"line":3,"column":52}},"3":{"start":{"line":4,"column":31},"end":{"line":4,"column":68}},"4":{"start":{"line":5,"column":23},"end":{"line":5,"column":58}},"5":{"start":{"line":10,"column":0},"end":{"line":56,"column":2}},"6":{"start":{"line":11,"column":2},"end":{"line":55,"column":3}},"7":{"start":{"line":12,"column":63},"end":{"line":12,"column":71}},"8":{"start":{"line":14,"column":4},"end":{"line":19,"column":5}},"9":{"start":{"line":15,"column":6},"end":{"line":18,"column":9}},"10":{"start":{"line":22,"column":18},"end":{"line":22,"column":63}},"11":{"start":{"line":23,"column":4},"end":{"line":28,"column":5}},"12":{"start":{"line":24,"column":6},"end":{"line":27,"column":9}},"13":{"start":{"line":31,"column":22},"end":{"line":31,"column":66}},"14":{"start":{"line":32,"column":4},"end":{"line":37,"column":5}},"15":{"start":{"line":33,"column":6},"end":{"line":36,"column":9}},"16":{"start":{"line":39,"column":17},"end":{"line":42,"column":2}},"17":{"start":{"line":44,"column":4},"end":{"line":47,"column":7}},"18":{"start":{"line":50,"column":4},"end":{"line":50,"column":23}},"19":{"start":{"line":51,"column":4},"end":{"line":54,"column":7}},"20":{"start":{"line":61,"column":0},"end":{"line":79,"column":2}},"21":{"start":{"line":62,"column":2},"end":{"line":78,"column":3}},"22":{"start":{"line":63,"column":18},"end":{"line":64,"column":59}},"23":{"start":{"line":66,"column":4},"end":{"line":70,"column":7}},"24":{"start":{"line":73,"column":4},"end":{"line":73,"column":23}},"25":{"start":{"line":74,"column":4},"end":{"line":77,"column":7}},"26":{"start":{"line":84,"column":0},"end":{"line":162,"column":2}},"27":{"start":{"line":85,"column":2},"end":{"line":161,"column":3}},"28":{"start":{"line":86,"column":21},"end":{"line":86,"column":30}},"29":{"start":{"line":88,"column":4},"end":{"line":93,"column":5}},"30":{"start":{"line":89,"column":6},"end":{"line":92,"column":9}},"31":{"start":{"line":95,"column":18},"end":{"line":96,"column":78}},"32":{"start":{"line":98,"column":19},"end":{"line":98,"column":21}},"33":{"start":{"line":100,"column":4},"end":{"line":147,"column":5}},"34":{"start":{"line":101,"column":20},"end":{"line":101,"column":39}},"35":{"start":{"line":104,"column":20},"end":{"line":109,"column":7}},"36":{"start":{"line":112,"column":27},"end":{"line":115,"column":8}},"37":{"start":{"line":117,"column":28},"end":{"line":119,"column":7}},"38":{"start":{"line":118,"column":34},"end":{"line":118,"column":70}},"39":{"start":{"line":118,"column":56},"end":{"line":118,"column":69}},"40":{"start":{"line":121,"column":23},"end":{"line":137,"column":8}},"41":{"start":{"line":122,"column":25},"end":{"line":122,"column":63}},"42":{"start":{"line":124,"column":21},"end":{"line":124,"column":56}},"43":{"start":{"line":125,"column":20},"end":{"line":125,"column":30}},"44":{"start":{"line":127,"column":8},"end":{"line":128,"column":42}},"45":{"start":{"line":127,"column":38},"end":{"line":127,"column":51}},"46":{"start":{"line":128,"column":13},"end":{"line":128,"column":42}},"47":{"start":{"line":128,"column":29},"end":{"line":128,"column":42}},"48":{"start":{"line":130,"column":8},"end":{"line":136,"column":10}},"49":{"start":{"line":139,"column":6},"end":{"line":146,"column":9}},"50":{"start":{"line":149,"column":4},"end":{"line":153,"column":7}},"51":{"start":{"line":156,"column":4},"end":{"line":156,"column":23}},"52":{"start":{"line":157,"column":4},"end":{"line":160,"column":7}},"53":{"start":{"line":168,"column":0},"end":{"line":187,"column":2}},"54":{"start":{"line":169,"column":2},"end":{"line":186,"column":3}},"55":{"start":{"line":170,"column":4},"end":{"line":170,"column":50}},"56":{"start":{"line":172,"column":18},"end":{"line":175,"column":6}},"57":{"start":{"line":177,"column":4},"end":{"line":181,"column":7}},"58":{"start":{"line":184,"column":4},"end":{"line":184,"column":23}},"59":{"start":{"line":185,"column":4},"end":{"line":185,"column":74}},"60":{"start":{"line":193,"column":0},"end":{"line":252,"column":2}},"61":{"start":{"line":194,"column":2},"end":{"line":251,"column":3}},"62":{"start":{"line":195,"column":17},"end":{"line":199,"column":78}},"63":{"start":{"line":201,"column":4},"end":{"line":203,"column":5}},"64":{"start":{"line":202,"column":6},"end":{"line":202,"column":81}},"65":{"start":{"line":206,"column":4},"end":{"line":244,"column":5}},"66":{"start":{"line":207,"column":20},"end":{"line":207,"column":39}},"67":{"start":{"line":208,"column":20},"end":{"line":213,"column":7}},"68":{"start":{"line":215,"column":27},"end":{"line":218,"column":8}},"69":{"start":{"line":220,"column":28},"end":{"line":222,"column":7}},"70":{"start":{"line":221,"column":34},"end":{"line":221,"column":70}},"71":{"start":{"line":221,"column":56},"end":{"line":221,"column":69}},"72":{"start":{"line":224,"column":23},"end":{"line":238,"column":8}},"73":{"start":{"line":225,"column":25},"end":{"line":225,"column":63}},"74":{"start":{"line":226,"column":21},"end":{"line":226,"column":56}},"75":{"start":{"line":227,"column":20},"end":{"line":227,"column":30}},"76":{"start":{"line":228,"column":8},"end":{"line":229,"column":42}},"77":{"start":{"line":228,"column":38},"end":{"line":228,"column":51}},"78":{"start":{"line":229,"column":13},"end":{"line":229,"column":42}},"79":{"start":{"line":229,"column":29},"end":{"line":229,"column":42}},"80":{"start":{"line":231,"column":8},"end":{"line":237,"column":10}},"81":{"start":{"line":240,"column":6},"end":{"line":243,"column":9}},"82":{"start":{"line":246,"column":4},"end":{"line":246,"column":63}},"83":{"start":{"line":249,"column":4},"end":{"line":249,"column":23}},"84":{"start":{"line":250,"column":4},"end":{"line":250,"column":74}},"85":{"start":{"line":257,"column":0},"end":{"line":310,"column":2}},"86":{"start":{"line":258,"column":2},"end":{"line":309,"column":3}},"87":{"start":{"line":259,"column":17},"end":{"line":259,"column":51}},"88":{"start":{"line":261,"column":4},"end":{"line":266,"column":5}},"89":{"start":{"line":262,"column":6},"end":{"line":265,"column":9}},"90":{"start":{"line":269,"column":4},"end":{"line":277,"column":5}},"91":{"start":{"line":270,"column":20},"end":{"line":270,"column":74}},"92":{"start":{"line":271,"column":6},"end":{"line":276,"column":7}},"93":{"start":{"line":272,"column":8},"end":{"line":275,"column":11}},"94":{"start":{"line":280,"column":22},"end":{"line":284,"column":6}},"95":{"start":{"line":286,"column":4},"end":{"line":291,"column":5}},"96":{"start":{"line":287,"column":6},"end":{"line":290,"column":9}},"97":{"start":{"line":292,"column":4},"end":{"line":294,"column":1}},"98":{"start":{"line":293,"column":2},"end":{"line":293,"column":34}},"99":{"start":{"line":295,"column":4},"end":{"line":295,"column":34}},"100":{"start":{"line":296,"column":4},"end":{"line":296,"column":22}},"101":{"start":{"line":298,"column":4},"end":{"line":301,"column":7}},"102":{"start":{"line":304,"column":4},"end":{"line":304,"column":23}},"103":{"start":{"line":305,"column":4},"end":{"line":308,"column":7}},"104":{"start":{"line":315,"column":0},"end":{"line":353,"column":2}},"105":{"start":{"line":316,"column":2},"end":{"line":352,"column":3}},"106":{"start":{"line":317,"column":17},"end":{"line":317,"column":51}},"107":{"start":{"line":319,"column":4},"end":{"line":324,"column":5}},"108":{"start":{"line":320,"column":6},"end":{"line":323,"column":9}},"109":{"start":{"line":326,"column":31},"end":{"line":329,"column":6}},"110":{"start":{"line":331,"column":4},"end":{"line":336,"column":5}},"111":{"start":{"line":332,"column":6},"end":{"line":335,"column":9}},"112":{"start":{"line":338,"column":4},"end":{"line":338,"column":28}},"113":{"start":{"line":339,"column":4},"end":{"line":339,"column":22}},"114":{"start":{"line":341,"column":4},"end":{"line":344,"column":7}},"115":{"start":{"line":347,"column":4},"end":{"line":347,"column":23}},"116":{"start":{"line":348,"column":4},"end":{"line":351,"column":7}}},"fnMap":{"0":{"name":"(anonymous_0)","decl":{"start":{"line":10,"column":21},"end":{"line":10,"column":22}},"loc":{"start":{"line":10,"column":41},"end":{"line":56,"column":1}},"line":10},"1":{"name":"(anonymous_1)","decl":{"start":{"line":61,"column":19},"end":{"line":61,"column":20}},"loc":{"start":{"line":61,"column":39},"end":{"line":79,"column":1}},"line":61},"2":{"name":"(anonymous_2)","decl":{"start":{"line":84,"column":30},"end":{"line":84,"column":31}},"loc":{"start":{"line":84,"column":50},"end":{"line":162,"column":1}},"line":84},"3":{"name":"(anonymous_3)","decl":{"start":{"line":118,"column":29},"end":{"line":118,"column":30}},"loc":{"start":{"line":118,"column":34},"end":{"line":118,"column":70}},"line":118},"4":{"name":"(anonymous_4)","decl":{"start":{"line":118,"column":50},"end":{"line":118,"column":51}},"loc":{"start":{"line":118,"column":56},"end":{"line":118,"column":69}},"line":118},"5":{"name":"(anonymous_5)","decl":{"start":{"line":121,"column":33},"end":{"line":121,"column":34}},"loc":{"start":{"line":121,"column":41},"end":{"line":137,"column":7}},"line":121},"6":{"name":"(anonymous_6)","decl":{"start":{"line":168,"column":30},"end":{"line":168,"column":31}},"loc":{"start":{"line":168,"column":50},"end":{"line":187,"column":1}},"line":168},"7":{"name":"(anonymous_7)","decl":{"start":{"line":193,"column":29},"end":{"line":193,"column":30}},"loc":{"start":{"line":193,"column":49},"end":{"line":252,"column":1}},"line":193},"8":{"name":"(anonymous_8)","decl":{"start":{"line":221,"column":29},"end":{"line":221,"column":30}},"loc":{"start":{"line":221,"column":34},"end":{"line":221,"column":70}},"line":221},"9":{"name":"(anonymous_9)","decl":{"start":{"line":221,"column":50},"end":{"line":221,"column":51}},"loc":{"start":{"line":221,"column":56},"end":{"line":221,"column":69}},"line":221},"10":{"name":"(anonymous_10)","decl":{"start":{"line":224,"column":33},"end":{"line":224,"column":34}},"loc":{"start":{"line":224,"column":41},"end":{"line":238,"column":7}},"line":224},"11":{"name":"(anonymous_11)","decl":{"start":{"line":257,"column":21},"end":{"line":257,"column":22}},"loc":{"start":{"line":257,"column":41},"end":{"line":310,"column":1}},"line":257},"12":{"name":"(anonymous_12)","decl":{"start":{"line":315,"column":21},"end":{"line":315,"column":22}},"loc":{"start":{"line":315,"column":41},"end":{"line":353,"column":1}},"line":315}},"branchMap":{"0":{"loc":{"start":{"line":14,"column":4},"end":{"line":19,"column":5}},"type":"if","locations":[{"start":{"line":14,"column":4},"end":{"line":19,"column":5}},{"start":{},"end":{}}],"line":14},"1":{"loc":{"start":{"line":14,"column":8},"end":{"line":14,"column":55}},"type":"binary-expr","locations":[{"start":{"line":14,"column":8},"end":{"line":14,"column":13}},{"start":{"line":14,"column":17},"end":{"line":14,"column":26}},{"start":{"line":14,"column":30},"end":{"line":14,"column":36}},{"start":{"line":14,"column":40},"end":{"line":14,"column":55}}],"line":14},"2":{"loc":{"start":{"line":23,"column":4},"end":{"line":28,"column":5}},"type":"if","locations":[{"start":{"line":23,"column":4},"end":{"line":28,"column":5}},{"start":{},"end":{}}],"line":23},"3":{"loc":{"start":{"line":32,"column":4},"end":{"line":37,"column":5}},"type":"if","locations":[{"start":{"line":32,"column":4},"end":{"line":37,"column":5}},{"start":{},"end":{}}],"line":32},"4":{"loc":{"start":{"line":41,"column":11},"end":{"line":41,"column":26}},"type":"binary-expr","locations":[{"start":{"line":41,"column":11},"end":{"line":41,"column":18}},{"start":{"line":41,"column":22},"end":{"line":41,"column":26}}],"line":41},"5":{"loc":{"start":{"line":88,"column":4},"end":{"line":93,"column":5}},"type":"if","locations":[{"start":{"line":88,"column":4},"end":{"line":93,"column":5}},{"start":{},"end":{}}],"line":88},"6":{"loc":{"start":{"line":107,"column":8},"end":{"line":107,"column":34}},"type":"binary-expr","locations":[{"start":{"line":107,"column":8},"end":{"line":107,"column":23}},{"start":{"line":107,"column":27},"end":{"line":107,"column":34}}],"line":107},"7":{"loc":{"start":{"line":108,"column":8},"end":{"line":108,"column":35}},"type":"binary-expr","locations":[{"start":{"line":108,"column":8},"end":{"line":108,"column":24}},{"start":{"line":108,"column":28},"end":{"line":108,"column":35}}],"line":108},"8":{"loc":{"start":{"line":127,"column":8},"end":{"line":128,"column":42}},"type":"if","locations":[{"start":{"line":127,"column":8},"end":{"line":128,"column":42}},{"start":{"line":128,"column":13},"end":{"line":128,"column":42}}],"line":127},"9":{"loc":{"start":{"line":127,"column":12},"end":{"line":127,"column":36}},"type":"binary-expr","locations":[{"start":{"line":127,"column":12},"end":{"line":127,"column":22}},{"start":{"line":127,"column":26},"end":{"line":127,"column":36}}],"line":127},"10":{"loc":{"start":{"line":128,"column":13},"end":{"line":128,"column":42}},"type":"if","locations":[{"start":{"line":128,"column":13},"end":{"line":128,"column":42}},{"start":{},"end":{}}],"line":128},"11":{"loc":{"start":{"line":134,"column":18},"end":{"line":134,"column":51}},"type":"cond-expr","locations":[{"start":{"line":134,"column":29},"end":{"line":134,"column":37}},{"start":{"line":134,"column":40},"end":{"line":134,"column":51}}],"line":134},"12":{"loc":{"start":{"line":201,"column":4},"end":{"line":203,"column":5}},"type":"if","locations":[{"start":{"line":201,"column":4},"end":{"line":203,"column":5}},{"start":{},"end":{}}],"line":201},"13":{"loc":{"start":{"line":206,"column":4},"end":{"line":244,"column":5}},"type":"if","locations":[{"start":{"line":206,"column":4},"end":{"line":244,"column":5}},{"start":{},"end":{}}],"line":206},"14":{"loc":{"start":{"line":211,"column":8},"end":{"line":211,"column":34}},"type":"binary-expr","locations":[{"start":{"line":211,"column":8},"end":{"line":211,"column":23}},{"start":{"line":211,"column":27},"end":{"line":211,"column":34}}],"line":211},"15":{"loc":{"start":{"line":212,"column":8},"end":{"line":212,"column":35}},"type":"binary-expr","locations":[{"start":{"line":212,"column":8},"end":{"line":212,"column":24}},{"start":{"line":212,"column":28},"end":{"line":212,"column":35}}],"line":212},"16":{"loc":{"start":{"line":228,"column":8},"end":{"line":229,"column":42}},"type":"if","locations":[{"start":{"line":228,"column":8},"end":{"line":229,"column":42}},{"start":{"line":229,"column":13},"end":{"line":229,"column":42}}],"line":228},"17":{"loc":{"start":{"line":228,"column":12},"end":{"line":228,"column":36}},"type":"binary-expr","locations":[{"start":{"line":228,"column":12},"end":{"line":228,"column":22}},{"start":{"line":228,"column":26},"end":{"line":228,"column":36}}],"line":228},"18":{"loc":{"start":{"line":229,"column":13},"end":{"line":229,"column":42}},"type":"if","locations":[{"start":{"line":229,"column":13},"end":{"line":229,"column":42}},{"start":{},"end":{}}],"line":229},"19":{"loc":{"start":{"line":235,"column":18},"end":{"line":235,"column":51}},"type":"cond-expr","locations":[{"start":{"line":235,"column":29},"end":{"line":235,"column":37}},{"start":{"line":235,"column":40},"end":{"line":235,"column":51}}],"line":235},"20":{"loc":{"start":{"line":261,"column":4},"end":{"line":266,"column":5}},"type":"if","locations":[{"start":{"line":261,"column":4},"end":{"line":266,"column":5}},{"start":{},"end":{}}],"line":261},"21":{"loc":{"start":{"line":269,"column":4},"end":{"line":277,"column":5}},"type":"if","locations":[{"start":{"line":269,"column":4},"end":{"line":277,"column":5}},{"start":{},"end":{}}],"line":269},"22":{"loc":{"start":{"line":271,"column":6},"end":{"line":276,"column":7}},"type":"if","locations":[{"start":{"line":271,"column":6},"end":{"line":276,"column":7}},{"start":{},"end":{}}],"line":271},"23":{"loc":{"start":{"line":282,"column":22},"end":{"line":282,"column":68}},"type":"binary-expr","locations":[{"start":{"line":282,"column":22},"end":{"line":282,"column":45}},{"start":{"line":282,"column":49},"end":{"line":282,"column":68}}],"line":282},"24":{"loc":{"start":{"line":286,"column":4},"end":{"line":291,"column":5}},"type":"if","locations":[{"start":{"line":286,"column":4},"end":{"line":291,"column":5}},{"start":{},"end":{}}],"line":286},"25":{"loc":{"start":{"line":292,"column":4},"end":{"line":294,"column":1}},"type":"if","locations":[{"start":{"line":292,"column":4},"end":{"line":294,"column":1}},{"start":{},"end":{}}],"line":292},"26":{"loc":{"start":{"line":319,"column":4},"end":{"line":324,"column":5}},"type":"if","locations":[{"start":{"line":319,"column":4},"end":{"line":324,"column":5}},{"start":{},"end":{}}],"line":319},"27":{"loc":{"start":{"line":331,"column":4},"end":{"line":336,"column":5}},"type":"if","locations":[{"start":{"line":331,"column":4},"end":{"line":336,"column":5}},{"start":{},"end":{}}],"line":331}},"s":{"0":1,"1":1,"2":1,"3":1,"4":1,"5":1,"6":0,"7":0,"8":0,"9":0,"10":0,"11":0,"12":0,"13":0,"14":0,"15":0,"16":0,"17":0,"18":0,"19":0,"20":1,"21":0,"22":0,"23":0,"24":0,"25":0,"26":1,"27":0,"28":0,"29":0,"30":0,"31":0,"32":0,"33":0,"34":0,"35":0,"36":0,"37":0,"38":0,"39":0,"40":0,"41":0,"42":0,"43":0,"44":0,"45":0,"46":0,"47":0,"48":0,"49":0,"50":0,"51":0,"52":0,"53":1,"54":0,"55":0,"56":0,"57":0,"58":0,"59":0,"60":1,"61":0,"62":0,"63":0,"64":0,"65":0,"66":0,"67":0,"68":0,"69":0,"70":0,"71":0,"72":0,"73":0,"74":0,"75":0,"76":0,"77":0,"78":0,"79":0,"80":0,"81":0,"82":0,"83":0,"84":0,"85":1,"86":4,"87":4,"88":4,"89":1,"90":3,"91":2,"92":2,"93":1,"94":2,"95":2,"96":1,"97":1,"98":1,"99":1,"100":1,"101":1,"102":0,"103":0,"104":1,"105":0,"106":0,"107":0,"108":0,"109":0,"110":0,"111":0,"112":0,"113":0,"114":0,"115":0,"116":0},"f":{"0":0,"1":0,"2":0,"3":0,"4":0,"5":0,"6":0,"7":0,"8":0,"9":0,"10":0,"11":4,"12":0},"b":{"0":[0,0],"1":[0,0,0,0],"2":[0,0],"3":[0,0],"4":[0,0],"5":[0,0],"6":[0,0],"7":[0,0],"8":[0,0],"9":[0,0],"10":[0,0],"11":[0,0],"12":[0,0],"13":[0,0],"14":[0,0],"15":[0,0],"16":[0,0],"17":[0,0],"18":[0,0],"19":[0,0],"20":[1,3],"21":[2,1],"22":[1,1],"23":[2,1],"24":[1,1],"25":[1,0],"26":[0,0],"27":[0,0]},"_coverageSchema":"1a1c01bbd47fc00a2c39e90264f33305004495a9","hash":"c5eeffafbdce0ade714e403e1401d27c7debea39"}
,"/Users/kittipich/Desktop/Software Eng/6Noob7Hack-Backend/models/Reservation.js": {"path":"/Users/kittipich/Desktop/Software Eng/6Noob7Hack-Backend/models/Reservation.js","statementMap":{"0":{"start":{"line":1,"column":17},"end":{"line":1,"column":36}},"1":{"start":{"line":3,"column":26},"end":{"line":56,"column":2}},"2":{"start":{"line":59,"column":0},"end":{"line":62,"column":3}},"3":{"start":{"line":64,"column":0},"end":{"line":64,"column":66}}},"fnMap":{},"branchMap":{},"s":{"0":1,"1":1,"2":1,"3":1},"f":{},"b":{},"_coverageSchema":"1a1c01bbd47fc00a2c39e90264f33305004495a9","hash":"c039aa28299c1908467a5771030ddda54ba096e0"}
,"/Users/kittipich/Desktop/Software Eng/6Noob7Hack-Backend/models/TimeSlot.js": {"path":"/Users/kittipich/Desktop/Software Eng/6Noob7Hack-Backend/models/TimeSlot.js","statementMap":{"0":{"start":{"line":1,"column":17},"end":{"line":1,"column":36}},"1":{"start":{"line":3,"column":23},"end":{"line":17,"column":24}},"2":{"start":{"line":19,"column":0},"end":{"line":19,"column":60}},"3":{"start":{"line":21,"column":0},"end":{"line":21,"column":60}}},"fnMap":{},"branchMap":{},"s":{"0":1,"1":1,"2":1,"3":1},"f":{},"b":{},"_coverageSchema":"1a1c01bbd47fc00a2c39e90264f33305004495a9","hash":"0f0c8d2f4bfc727750a15c7775aba07d7be0259e"}
,"/Users/kittipich/Desktop/Software Eng/6Noob7Hack-Backend/utils/generateTimeSlots.js": {"path":"/Users/kittipich/Desktop/Software Eng/6Noob7Hack-Backend/utils/generateTimeSlots.js","statementMap":{"0":{"start":{"line":1,"column":17},"end":{"line":1,"column":46}},"1":{"start":{"line":16,"column":32},"end":{"line":16,"column":63}},"2":{"start":{"line":17,"column":32},"end":{"line":17,"column":64}},"3":{"start":{"line":19,"column":21},"end":{"line":19,"column":38}},"4":{"start":{"line":20,"column":21},"end":{"line":20,"column":38}},"5":{"start":{"line":21,"column":2},"end":{"line":21,"column":34}},"6":{"start":{"line":22,"column":2},"end":{"line":22,"column":37}},"7":{"start":{"line":25,"column":19},"end":{"line":28,"column":4}},"8":{"start":{"line":30,"column":25},"end":{"line":32,"column":3}},"9":{"start":{"line":31,"column":22},"end":{"line":31,"column":53}},"10":{"start":{"line":34,"column":19},"end":{"line":34,"column":21}},"11":{"start":{"line":37,"column":15},"end":{"line":37,"column":32}},"12":{"start":{"line":38,"column":2},"end":{"line":38,"column":43}},"13":{"start":{"line":40,"column":20},"end":{"line":40,"column":37}},"14":{"start":{"line":41,"column":2},"end":{"line":41,"column":48}},"15":{"start":{"line":43,"column":2},"end":{"line":55,"column":3}},"16":{"start":{"line":44,"column":22},"end":{"line":44,"column":38}},"17":{"start":{"line":45,"column":22},"end":{"line":45,"column":38}},"18":{"start":{"line":46,"column":4},"end":{"line":46,"column":45}},"19":{"start":{"line":48,"column":4},"end":{"line":48,"column":35}},"20":{"start":{"line":48,"column":29},"end":{"line":48,"column":35}},"21":{"start":{"line":50,"column":4},"end":{"line":52,"column":5}},"22":{"start":{"line":51,"column":6},"end":{"line":51,"column":78}},"23":{"start":{"line":54,"column":4},"end":{"line":54,"column":43}},"24":{"start":{"line":57,"column":2},"end":{"line":59,"column":3}},"25":{"start":{"line":58,"column":4},"end":{"line":58,"column":60}},"26":{"start":{"line":62,"column":2},"end":{"line":65,"column":28}},"27":{"start":{"line":68,"column":0},"end":{"line":68,"column":40}}},"fnMap":{"0":{"name":"generateDailySlots","decl":{"start":{"line":15,"column":15},"end":{"line":15,"column":33}},"loc":{"start":{"line":15,"column":92},"end":{"line":66,"column":1}},"line":15},"1":{"name":"(anonymous_1)","decl":{"start":{"line":31,"column":17},"end":{"line":31,"column":18}},"loc":{"start":{"line":31,"column":22},"end":{"line":31,"column":53}},"line":31}},"branchMap":{"0":{"loc":{"start":{"line":15,"column":51},"end":{"line":15,"column":69}},"type":"default-arg","locations":[{"start":{"line":15,"column":62},"end":{"line":15,"column":69}}],"line":15},"1":{"loc":{"start":{"line":15,"column":71},"end":{"line":15,"column":90}},"type":"default-arg","locations":[{"start":{"line":15,"column":83},"end":{"line":15,"column":90}}],"line":15},"2":{"loc":{"start":{"line":48,"column":4},"end":{"line":48,"column":35}},"type":"if","locations":[{"start":{"line":48,"column":4},"end":{"line":48,"column":35}},{"start":{},"end":{}}],"line":48},"3":{"loc":{"start":{"line":50,"column":4},"end":{"line":52,"column":5}},"type":"if","locations":[{"start":{"line":50,"column":4},"end":{"line":52,"column":5}},{"start":{},"end":{}}],"line":50},"4":{"loc":{"start":{"line":57,"column":2},"end":{"line":59,"column":3}},"type":"if","locations":[{"start":{"line":57,"column":2},"end":{"line":59,"column":3}},{"start":{},"end":{}}],"line":57}},"s":{"0":1,"1":0,"2":0,"3":0,"4":0,"5":0,"6":0,"7":0,"8":0,"9":0,"10":0,"11":0,"12":0,"13":0,"14":0,"15":0,"16":0,"17":0,"18":0,"19":0,"20":0,"21":0,"22":0,"23":0,"24":0,"25":0,"26":0,"27":1},"f":{"0":0,"1":0},"b":{"0":[0],"1":[0],"2":[0,0],"3":[0,0],"4":[0,0]},"_coverageSchema":"1a1c01bbd47fc00a2c39e90264f33305004495a9","hash":"ec78b5f4ec9b3145f84a15d2878e1b6e3e9adead"}
}
