TN:
SF:controllers\auth.js
FN:7,(anonymous_0)
FN:24,(anonymous_1)
FN:40,(anonymous_2)
FN:65,(anonymous_3)
FN:99,(anonymous_4)
FN:136,(anonymous_5)
FN:157,(anonymous_6)
FNF:7
FNH:7
FNDA:3,(anonymous_0)
FNDA:7,(anonymous_1)
FNDA:5,(anonymous_2)
FNDA:5,(anonymous_3)
FNDA:9,(anonymous_4)
FNDA:2,(anonymous_5)
FNDA:4,(anonymous_6)
DA:1,1
DA:7,1
DA:8,3
DA:10,3
DA:15,3
DA:17,3
DA:24,1
DA:25,7
DA:26,6
DA:27,5
DA:28,4
DA:29,3
DA:30,2
DA:31,1
DA:40,1
DA:41,5
DA:42,5
DA:44,5
DA:46,2
DA:49,3
DA:51,3
DA:52,1
DA:55,2
DA:65,1
DA:66,5
DA:67,5
DA:69,5
DA:70,1
DA:73,4
DA:75,3
DA:76,1
DA:79,2
DA:81,2
DA:82,1
DA:85,1
DA:88,1
DA:89,1
DA:99,1
DA:100,9
DA:101,9
DA:103,8
DA:104,1
DA:107,7
DA:109,7
DA:125,1
DA:126,1
DA:136,1
DA:137,2
DA:138,2
DA:143,1
DA:146,1
DA:147,1
DA:157,1
DA:158,4
DA:159,4
DA:161,4
DA:162,1
DA:165,3
DA:171,2
DA:172,1
DA:175,1
DA:178,1
DA:179,1
LF:63
LH:63
BRDA:15,0,0,1
BRDA:15,0,1,2
BRDA:25,1,0,1
BRDA:25,1,1,6
BRDA:26,2,0,1
BRDA:26,2,1,5
BRDA:27,3,0,1
BRDA:27,3,1,4
BRDA:28,4,0,1
BRDA:28,4,1,3
BRDA:29,5,0,1
BRDA:29,5,1,2
BRDA:30,6,0,1
BRDA:30,6,1,1
BRDA:51,7,0,1
BRDA:51,7,1,2
BRDA:55,8,0,2
BRDA:55,8,1,1
BRDA:69,9,0,1
BRDA:69,9,1,4
BRDA:69,10,0,5
BRDA:69,10,1,4
BRDA:75,11,0,1
BRDA:75,11,1,2
BRDA:81,12,0,1
BRDA:81,12,1,1
BRDA:103,13,0,1
BRDA:103,13,1,7
BRDA:107,14,0,7
BRDA:107,14,1,1
BRDA:161,15,0,1
BRDA:161,15,1,3
BRDA:171,16,0,1
BRDA:171,16,1,1
BRF:34
BRH:34
end_of_record
TN:
SF:controllers\coworkingspaces.js
FN:10,(anonymous_0)
FN:15,(anonymous_1)
FN:18,(anonymous_2)
FN:79,(anonymous_3)
FN:103,(anonymous_4)
FN:129,(anonymous_5)
FN:163,(anonymous_6)
FN:188,(anonymous_7)
FNF:8
FNH:8
FNDA:6,(anonymous_0)
FNDA:24,(anonymous_1)
FNDA:1,(anonymous_2)
FNDA:3,(anonymous_3)
FNDA:4,(anonymous_4)
FNDA:5,(anonymous_5)
FNDA:3,(anonymous_6)
FNDA:6,(anonymous_7)
DA:1,1
DA:2,1
DA:10,1
DA:11,6
DA:12,6
DA:14,6
DA:15,24
DA:17,6
DA:18,6
DA:20,6
DA:27,5
DA:28,1
DA:29,1
DA:32,5
DA:33,1
DA:34,1
DA:36,4
DA:39,5
DA:40,5
DA:41,5
DA:42,5
DA:44,5
DA:46,5
DA:48,5
DA:50,5
DA:52,5
DA:53,2
DA:56,5
DA:57,1
DA:60,5
DA:68,1
DA:69,1
DA:79,1
DA:80,3
DA:81,3
DA:85,2
DA:86,1
DA:89,1
DA:92,1
DA:93,1
DA:103,1
DA:104,4
DA:105,4
DA:107,1
DA:110,3
DA:112,3
DA:113,1
DA:119,2
DA:129,1
DA:130,5
DA:131,5
DA:137,2
DA:138,1
DA:141,1
DA:144,3
DA:146,3
DA:147,1
DA:153,2
DA:163,1
DA:164,3
DA:165,3
DA:167,2
DA:168,1
DA:171,1
DA:172,1
DA:174,1
DA:177,1
DA:178,1
DA:188,1
DA:189,6
DA:190,6
DA:192,6
DA:193,1
DA:196,5
DA:198,4
DA:199,1
DA:202,3
DA:203,3
DA:204,3
DA:206,3
DA:212,3
DA:215,1
DA:216,1
LF:83
LH:83
BRDA:27,0,0,1
BRDA:27,0,1,4
BRDA:32,1,0,1
BRDA:32,1,1,4
BRDA:39,2,0,5
BRDA:39,2,1,3
BRDA:40,3,0,5
BRDA:40,3,1,3
BRDA:52,4,0,2
BRDA:52,4,1,3
BRDA:56,5,0,1
BRDA:56,5,1,4
BRDA:85,6,0,1
BRDA:85,6,1,1
BRDA:112,7,0,1
BRDA:112,7,1,2
BRDA:119,8,0,2
BRDA:119,8,1,1
BRDA:137,9,0,1
BRDA:137,9,1,1
BRDA:146,10,0,1
BRDA:146,10,1,2
BRDA:153,11,0,2
BRDA:153,11,1,1
BRDA:167,12,0,1
BRDA:167,12,1,1
BRDA:192,13,0,1
BRDA:192,13,1,5
BRDA:192,14,0,6
BRDA:192,14,1,2
BRDA:198,15,0,1
BRDA:198,15,1,3
BRDA:203,16,0,2
BRDA:203,16,1,1
BRDA:204,17,0,2
BRDA:204,17,1,1
BRF:36
BRH:36
end_of_record
TN:
SF:controllers\payments.js
FN:13,(anonymous_0)
FN:27,(anonymous_1)
FN:39,(anonymous_2)
FN:48,(anonymous_3)
FN:57,(anonymous_4)
FN:139,(anonymous_5)
FN:185,(anonymous_6)
FN:221,(anonymous_7)
FN:293,(anonymous_8)
FN:346,(anonymous_9)
FN:375,(anonymous_10)
FN:399,(anonymous_11)
FN:409,(anonymous_12)
FN:432,(anonymous_13)
FN:482,(anonymous_14)
FN:504,(anonymous_15)
FN:559,(anonymous_16)
FN:606,(anonymous_17)
FN:695,(anonymous_18)
FN:738,(anonymous_19)
FN:781,(anonymous_20)
FNF:21
FNH:16
FNDA:0,(anonymous_0)
FNDA:4,(anonymous_1)
FNDA:10,(anonymous_2)
FNDA:0,(anonymous_3)
FNDA:16,(anonymous_4)
FNDA:3,(anonymous_5)
FNDA:3,(anonymous_6)
FNDA:12,(anonymous_7)
FNDA:7,(anonymous_8)
FNDA:4,(anonymous_9)
FNDA:0,(anonymous_10)
FNDA:9,(anonymous_11)
FNDA:10,(anonymous_12)
FNDA:22,(anonymous_13)
FNDA:0,(anonymous_14)
FNDA:0,(anonymous_15)
FNDA:7,(anonymous_16)
FNDA:10,(anonymous_17)
FNDA:5,(anonymous_18)
FNDA:7,(anonymous_19)
FNDA:14,(anonymous_20)
DA:3,9
DA:4,9
DA:5,9
DA:6,9
DA:7,9
DA:8,9
DA:10,9
DA:14,0
DA:15,0
DA:16,0
DA:18,0
DA:22,9
DA:27,9
DA:28,4
DA:30,4
DA:31,0
DA:33,4
DA:34,0
DA:37,4
DA:39,9
DA:40,10
DA:48,9
DA:57,9
DA:58,16
DA:59,16
DA:61,16
DA:62,4
DA:68,12
DA:69,1
DA:75,11
DA:79,11
DA:80,2
DA:83,9
DA:84,1
DA:87,8
DA:88,2
DA:94,6
DA:99,6
DA:100,2
DA:106,4
DA:114,4
DA:128,0
DA:139,9
DA:140,3
DA:141,3
DA:143,3
DA:144,1
DA:147,2
DA:148,1
DA:154,1
DA:156,1
DA:157,1
DA:158,1
DA:159,1
DA:160,1
DA:162,1
DA:174,0
DA:185,9
DA:186,3
DA:187,3
DA:189,3
DA:190,1
DA:193,2
DA:194,1
DA:200,1
DA:201,1
DA:203,1
DA:210,0
DA:221,9
DA:222,12
DA:223,12
DA:225,12
DA:226,1
DA:229,11
DA:230,1
DA:233,10
DA:234,2
DA:240,8
DA:241,1
DA:244,7
DA:247,7
DA:248,1
DA:251,6
DA:253,6
DA:258,6
DA:259,1
DA:265,5
DA:266,5
DA:267,5
DA:268,5
DA:269,5
DA:270,5
DA:272,5
DA:283,0
DA:293,9
DA:294,7
DA:295,7
DA:297,7
DA:298,1
DA:301,6
DA:302,1
DA:305,5
DA:306,1
DA:312,4
DA:314,4
DA:315,4
DA:316,4
DA:317,4
DA:318,4
DA:319,4
DA:320,4
DA:322,4
DA:335,0
DA:346,9
DA:347,4
DA:348,4
DA:358,4
DA:365,0
DA:375,9
DA:376,0
DA:377,0
DA:383,0
DA:384,0
DA:387,0
DA:388,0
DA:391,0
DA:394,0
DA:399,9
DA:400,9
DA:401,9
DA:403,9
DA:404,2
DA:407,7
DA:409,7
DA:410,10
DA:411,2
DA:413,8
DA:416,7
DA:422,0
DA:423,0
DA:432,9
DA:433,22
DA:434,22
DA:436,22
DA:437,2
DA:440,20
DA:441,2
DA:444,18
DA:445,2
DA:448,16
DA:449,2
DA:452,14
DA:453,14
DA:454,4
DA:457,10
DA:459,10
DA:460,4
DA:463,10
DA:464,6
DA:465,6
DA:468,10
DA:470,10
DA:472,0
DA:482,9
DA:483,0
DA:484,0
DA:486,0
DA:487,0
DA:491,0
DA:492,0
DA:496,0
DA:499,0
DA:500,0
DA:503,0
DA:504,0
DA:505,0
DA:510,0
DA:511,0
DA:517,0
DA:519,0
DA:521,0
DA:522,0
DA:524,0
DA:526,0
DA:527,0
DA:531,0
DA:537,0
DA:538,0
DA:540,0
DA:550,0
DA:559,9
DA:560,7
DA:561,7
DA:562,1
DA:565,6
DA:566,6
DA:567,1
DA:571,5
DA:577,4
DA:579,4
DA:587,4
DA:594,1
DA:595,1
DA:597,0
DA:606,9
DA:607,10
DA:608,10
DA:611,10
DA:612,9
DA:613,1
DA:620,8
DA:621,1
DA:628,7
DA:629,1
DA:636,6
DA:637,1
DA:644,5
DA:650,5
DA:651,1
DA:657,4
DA:660,4
DA:665,4
DA:666,1
DA:673,3
DA:676,3
DA:686,1
DA:695,9
DA:696,5
DA:697,5
DA:699,5
DA:700,1
DA:707,4
DA:712,3
DA:713,1
DA:720,2
DA:723,2
DA:734,1
DA:738,9
DA:739,7
DA:740,7
DA:742,7
DA:743,1
DA:746,6
DA:747,5
DA:748,1
DA:752,4
DA:753,1
DA:759,3
DA:760,3
DA:762,3
DA:772,3
DA:774,3
DA:777,1
DA:781,9
DA:782,14
DA:783,14
DA:784,13
DA:785,1
DA:788,12
DA:791,12
DA:792,7
DA:794,5
DA:795,3
DA:798,2
DA:804,10
DA:806,10
DA:814,10
DA:817,10
DA:818,10
DA:819,9
DA:820,9
DA:823,10
DA:832,1
LF:273
LH:223
BRDA:15,0,0,0
BRDA:15,0,1,0
BRDA:30,1,0,0
BRDA:30,1,1,4
BRDA:33,2,0,0
BRDA:33,2,1,4
BRDA:61,3,0,4
BRDA:61,3,1,12
BRDA:61,4,0,16
BRDA:61,4,1,14
BRDA:61,4,2,14
BRDA:68,5,0,1
BRDA:68,5,1,11
BRDA:79,6,0,2
BRDA:79,6,1,9
BRDA:83,7,0,1
BRDA:83,7,1,8
BRDA:87,8,0,2
BRDA:87,8,1,6
BRDA:99,9,0,2
BRDA:99,9,1,4
BRDA:143,10,0,1
BRDA:143,10,1,2
BRDA:147,11,0,1
BRDA:147,11,1,1
BRDA:189,12,0,1
BRDA:189,12,1,2
BRDA:193,13,0,1
BRDA:193,13,1,1
BRDA:225,14,0,1
BRDA:225,14,1,11
BRDA:229,15,0,1
BRDA:229,15,1,10
BRDA:233,16,0,2
BRDA:233,16,1,8
BRDA:240,17,0,1
BRDA:240,17,1,7
BRDA:240,18,0,8
BRDA:240,18,1,2
BRDA:247,19,0,1
BRDA:247,19,1,6
BRDA:258,20,0,1
BRDA:258,20,1,5
BRDA:297,21,0,1
BRDA:297,21,1,6
BRDA:301,22,0,1
BRDA:301,22,1,5
BRDA:305,23,0,1
BRDA:305,23,1,4
BRDA:383,24,0,0
BRDA:383,24,1,0
BRDA:387,25,0,0
BRDA:387,25,1,0
BRDA:387,26,0,0
BRDA:387,26,1,0
BRDA:403,27,0,2
BRDA:403,27,1,7
BRDA:403,28,0,9
BRDA:403,28,1,8
BRDA:403,28,2,8
BRDA:403,28,3,7
BRDA:403,28,4,7
BRDA:410,29,0,2
BRDA:410,29,1,8
BRDA:423,30,0,0
BRDA:423,30,1,0
BRDA:436,31,0,2
BRDA:436,31,1,20
BRDA:440,32,0,2
BRDA:440,32,1,18
BRDA:440,33,0,20
BRDA:440,33,1,3
BRDA:444,34,0,2
BRDA:444,34,1,16
BRDA:448,35,0,2
BRDA:448,35,1,14
BRDA:453,36,0,4
BRDA:453,36,1,10
BRDA:453,37,0,14
BRDA:453,37,1,12
BRDA:459,38,0,4
BRDA:459,38,1,6
BRDA:463,39,0,6
BRDA:463,39,1,4
BRDA:486,40,0,0
BRDA:486,40,1,0
BRDA:491,41,0,0
BRDA:491,41,1,0
BRDA:499,42,0,0
BRDA:499,42,1,0
BRDA:505,43,0,0
BRDA:505,43,1,0
BRDA:510,44,0,0
BRDA:510,44,1,0
BRDA:519,45,0,0
BRDA:519,45,1,0
BRDA:524,46,0,0
BRDA:524,46,1,0
BRDA:561,47,0,1
BRDA:561,47,1,6
BRDA:566,48,0,1
BRDA:566,48,1,5
BRDA:594,49,0,1
BRDA:594,49,1,0
BRDA:612,50,0,1
BRDA:612,50,1,8
BRDA:620,51,0,1
BRDA:620,51,1,7
BRDA:620,52,0,8
BRDA:620,52,1,2
BRDA:628,53,0,1
BRDA:628,53,1,6
BRDA:636,54,0,1
BRDA:636,54,1,5
BRDA:650,55,0,1
BRDA:650,55,1,4
BRDA:650,56,0,5
BRDA:650,56,1,4
BRDA:665,57,0,1
BRDA:665,57,1,3
BRDA:699,58,0,1
BRDA:699,58,1,4
BRDA:712,59,0,1
BRDA:712,59,1,2
BRDA:742,60,0,1
BRDA:742,60,1,6
BRDA:747,61,0,1
BRDA:747,61,1,4
BRDA:752,62,0,1
BRDA:752,62,1,3
BRDA:784,63,0,1
BRDA:784,63,1,12
BRDA:791,64,0,7
BRDA:791,64,1,5
BRDA:791,65,0,12
BRDA:791,65,1,6
BRDA:794,66,0,3
BRDA:794,66,1,2
BRDA:818,67,0,9
BRDA:818,67,1,1
BRF:140
BRH:113
end_of_record
TN:
SF:controllers\reservations.js
FN:10,(anonymous_0)
FN:42,(anonymous_1)
FN:85,(anonymous_2)
FN:137,(anonymous_3)
FN:164,(anonymous_4)
FN:240,(anonymous_5)
FN:301,(anonymous_6)
FN:377,(anonymous_7)
FN:416,(anonymous_8)
FNF:9
FNH:9
FNDA:12,(anonymous_0)
FNDA:7,(anonymous_1)
FNDA:5,(anonymous_2)
FNDA:10,(anonymous_3)
FNDA:5,(anonymous_4)
FNDA:10,(anonymous_5)
FNDA:20,(anonymous_6)
FNDA:6,(anonymous_7)
FNDA:5,(anonymous_8)
DA:1,2
DA:2,2
DA:3,2
DA:4,2
DA:5,2
DA:10,2
DA:11,12
DA:13,12
DA:14,1
DA:20,11
DA:21,1
DA:27,10
DA:28,1
DA:34,9
DA:42,2
DA:43,7
DA:44,7
DA:47,7
DA:48,1
DA:51,7
DA:72,2
DA:78,5
DA:85,2
DA:86,5
DA:87,5
DA:107,4
DA:108,1
DA:115,3
DA:119,1
DA:125,2
DA:130,1
DA:137,2
DA:138,10
DA:139,10
DA:142,10
DA:143,4
DA:150,6
DA:154,5
DA:155,1
DA:161,4
DA:164,5
DA:165,4
DA:166,1
DA:186,3
DA:191,3
DA:192,1
DA:199,2
DA:204,2
DA:205,1
DA:212,1
DA:215,1
DA:227,1
DA:233,1
DA:240,2
DA:241,10
DA:242,10
DA:244,9
DA:245,1
DA:248,8
DA:252,1
DA:255,7
DA:256,1
DA:262,6
DA:264,6
DA:265,1
DA:272,5
DA:278,5
DA:279,1
DA:285,4
DA:286,4
DA:288,4
DA:294,1
DA:301,2
DA:302,20
DA:303,20
DA:305,18
DA:306,2
DA:312,16
DA:316,2
DA:323,14
DA:324,14
DA:327,14
DA:328,1
DA:332,13
DA:334,13
DA:336,3
DA:337,3
DA:339,3
DA:340,3
DA:343,3
DA:346,3
DA:353,10
DA:354,10
DA:356,10
DA:357,3
DA:358,3
DA:364,10
DA:370,2
DA:377,2
DA:378,6
DA:379,6
DA:380,2
DA:386,4
DA:388,3
DA:389,1
DA:395,2
DA:396,2
DA:398,2
DA:402,2
DA:409,1
DA:416,2
DA:417,5
DA:418,5
DA:420,4
DA:421,1
DA:427,3
DA:431,1
DA:437,2
DA:439,2
DA:444,1
LF:120
LH:120
BRDA:13,0,0,1
BRDA:13,0,1,11
BRDA:20,1,0,1
BRDA:20,1,1,10
BRDA:27,2,0,1
BRDA:27,2,1,9
BRDA:47,3,0,1
BRDA:47,3,1,6
BRDA:107,4,0,1
BRDA:107,4,1,3
BRDA:115,5,0,1
BRDA:115,5,1,2
BRDA:116,6,0,3
BRDA:116,6,1,2
BRDA:142,7,0,4
BRDA:142,7,1,6
BRDA:142,8,0,10
BRDA:142,8,1,9
BRDA:142,8,2,7
BRDA:154,9,0,1
BRDA:154,9,1,4
BRDA:165,10,0,1
BRDA:165,10,1,3
BRDA:191,11,0,1
BRDA:191,11,1,2
BRDA:204,12,0,1
BRDA:204,12,1,1
BRDA:244,13,0,1
BRDA:244,13,1,8
BRDA:248,14,0,1
BRDA:248,14,1,7
BRDA:249,15,0,8
BRDA:249,15,1,3
BRDA:255,16,0,1
BRDA:255,16,1,6
BRDA:264,17,0,1
BRDA:264,17,1,5
BRDA:264,18,0,6
BRDA:264,18,1,5
BRDA:278,19,0,1
BRDA:278,19,1,4
BRDA:305,20,0,2
BRDA:305,20,1,16
BRDA:312,21,0,2
BRDA:312,21,1,14
BRDA:313,22,0,16
BRDA:313,22,1,4
BRDA:324,23,0,11
BRDA:324,23,1,3
BRDA:327,24,0,1
BRDA:327,24,1,13
BRDA:327,25,0,14
BRDA:327,25,1,11
BRDA:334,26,0,3
BRDA:334,26,1,10
BRDA:334,27,0,13
BRDA:334,27,1,7
BRDA:356,28,0,3
BRDA:356,28,1,7
BRDA:356,29,0,10
BRDA:356,29,1,4
BRDA:379,30,0,2
BRDA:379,30,1,4
BRDA:388,31,0,1
BRDA:388,31,1,2
BRDA:420,32,0,1
BRDA:420,32,1,3
BRDA:427,33,0,1
BRDA:427,33,1,2
BRDA:428,34,0,3
BRDA:428,34,1,2
BRF:71
BRH:71
end_of_record
TN:
SF:controllers\rooms.js
FN:10,(anonymous_0)
FN:61,(anonymous_1)
FN:84,(anonymous_2)
FN:118,(anonymous_3)
FN:118,(anonymous_4)
FN:121,(anonymous_5)
FN:168,(anonymous_6)
FN:193,(anonymous_7)
FN:221,(anonymous_8)
FN:221,(anonymous_9)
FN:224,(anonymous_10)
FN:257,(anonymous_11)
FN:315,(anonymous_12)
FNF:13
FNH:13
FNDA:6,(anonymous_0)
FNDA:2,(anonymous_1)
FNDA:4,(anonymous_2)
FNDA:1,(anonymous_3)
FNDA:1,(anonymous_4)
FNDA:3,(anonymous_5)
FNDA:2,(anonymous_6)
FNDA:5,(anonymous_7)
FNDA:1,(anonymous_8)
FNDA:1,(anonymous_9)
FNDA:3,(anonymous_10)
FNDA:6,(anonymous_11)
FNDA:4,(anonymous_12)
DA:1,7
DA:2,7
DA:3,7
DA:4,7
DA:5,7
DA:10,7
DA:11,6
DA:12,6
DA:14,6
DA:15,1
DA:22,5
DA:23,4
DA:24,1
DA:31,3
DA:32,3
DA:33,1
DA:39,2
DA:44,2
DA:50,1
DA:51,1
DA:61,7
DA:62,2
DA:63,2
DA:66,1
DA:73,1
DA:74,1
DA:84,7
DA:85,4
DA:86,4
DA:88,4
DA:89,1
DA:95,3
DA:98,2
DA:100,2
DA:101,2
DA:104,2
DA:112,2
DA:117,2
DA:118,1
DA:121,2
DA:122,3
DA:124,3
DA:125,3
DA:127,3
DA:128,2
DA:130,3
DA:139,2
DA:149,2
DA:156,1
DA:157,1
DA:168,7
DA:169,2
DA:170,2
DA:172,2
DA:177,1
DA:184,1
DA:185,1
DA:193,7
DA:194,5
DA:195,5
DA:201,4
DA:202,1
DA:206,3
DA:207,2
DA:208,2
DA:215,2
DA:220,2
DA:221,1
DA:224,2
DA:225,3
DA:226,3
DA:227,3
DA:228,3
DA:229,2
DA:231,3
DA:240,2
DA:246,1
DA:249,1
DA:250,1
DA:257,7
DA:258,6
DA:259,6
DA:261,5
DA:262,1
DA:269,4
DA:270,2
DA:271,2
DA:272,1
DA:280,3
DA:286,3
DA:287,1
DA:292,2
DA:293,1
DA:295,2
DA:296,2
DA:298,2
DA:304,1
DA:305,1
DA:315,7
DA:316,4
DA:317,4
DA:319,3
DA:320,1
DA:326,2
DA:331,2
DA:332,1
DA:338,1
DA:339,1
DA:341,1
DA:347,1
DA:348,1
LF:111
LH:111
BRDA:14,0,0,1
BRDA:14,0,1,5
BRDA:14,1,0,6
BRDA:14,1,1,6
BRDA:14,1,2,6
BRDA:14,1,3,5
BRDA:23,2,0,1
BRDA:23,2,1,3
BRDA:32,3,0,1
BRDA:32,3,1,2
BRDA:41,4,0,2
BRDA:41,4,1,1
BRDA:88,5,0,1
BRDA:88,5,1,3
BRDA:107,6,0,2
BRDA:107,6,1,1
BRDA:108,7,0,2
BRDA:108,7,1,1
BRDA:127,8,0,1
BRDA:127,8,1,2
BRDA:127,9,0,3
BRDA:127,9,1,2
BRDA:128,10,0,1
BRDA:128,10,1,1
BRDA:134,11,0,1
BRDA:134,11,1,2
BRDA:201,12,0,1
BRDA:201,12,1,3
BRDA:206,13,0,2
BRDA:206,13,1,1
BRDA:211,14,0,2
BRDA:211,14,1,1
BRDA:212,15,0,2
BRDA:212,15,1,1
BRDA:228,16,0,1
BRDA:228,16,1,2
BRDA:228,17,0,3
BRDA:228,17,1,2
BRDA:229,18,0,1
BRDA:229,18,1,1
BRDA:235,19,0,1
BRDA:235,19,1,2
BRDA:261,20,0,1
BRDA:261,20,1,4
BRDA:269,21,0,2
BRDA:269,21,1,2
BRDA:271,22,0,1
BRDA:271,22,1,1
BRDA:282,23,0,3
BRDA:282,23,1,2
BRDA:286,24,0,1
BRDA:286,24,1,2
BRDA:292,25,0,1
BRDA:292,25,1,1
BRDA:319,26,0,1
BRDA:319,26,1,2
BRDA:331,27,0,1
BRDA:331,27,1,1
BRF:58
BRH:58
end_of_record
TN:
SF:controllers\timeslots.js
FN:5,(anonymous_0)
FN:65,(anonymous_1)
FNF:2
FNH:2
FNDA:7,(anonymous_0)
FNDA:2,(anonymous_1)
DA:1,1
DA:2,1
DA:5,1
DA:6,7
DA:7,7
DA:10,7
DA:11,6
DA:12,1
DA:15,5
DA:16,5
DA:17,1
DA:21,4
DA:22,4
DA:23,4
DA:24,4
DA:26,4
DA:27,4
DA:29,4
DA:30,4
DA:31,4
DA:32,4
DA:35,4
DA:36,2
DA:43,2
DA:49,2
DA:50,1
DA:54,1
DA:56,1
DA:59,1
DA:60,1
DA:65,1
DA:66,2
DA:67,2
DA:71,1
DA:74,1
DA:75,1
LF:36
LH:36
BRDA:11,0,0,1
BRDA:11,0,1,5
BRDA:16,1,0,1
BRDA:16,1,1,4
BRDA:35,2,0,2
BRDA:35,2,1,2
BRDA:35,3,0,4
BRDA:35,3,1,3
BRDA:49,4,0,1
BRDA:49,4,1,1
BRF:10
BRH:10
end_of_record
TN:
SF:utils\generateTimeSlots.js
FN:10,toLocalDate
FN:19,getLocalDayRange
FN:26,generateDailySlots
FN:44,(anonymous_3)
FNF:4
FNH:4
FNDA:24,toLocalDate
FNDA:13,getLocalDayRange
FNDA:13,generateDailySlots
FNDA:3,(anonymous_3)
DA:1,1
DA:11,24
DA:12,24
DA:20,13
DA:21,13
DA:22,13
DA:23,13
DA:32,13
DA:33,13
DA:35,13
DA:38,13
DA:43,12
DA:44,3
DA:47,12
DA:48,12
DA:49,12
DA:51,12
DA:52,29
DA:53,29
DA:54,29
DA:56,29
DA:58,28
DA:59,25
DA:62,28
DA:65,12
DA:66,10
DA:69,11
DA:75,1
LF:28
LH:28
BRDA:29,0,0,1
BRDA:30,1,0,1
BRDA:56,2,0,1
BRDA:56,2,1,28
BRDA:58,3,0,25
BRDA:58,3,1,3
BRDA:65,4,0,10
BRDA:65,4,1,2
BRF:8
BRH:8
end_of_record
