TN:
SF:controllers/auth.js
FN:7,(anonymous_0)
FN:24,(anonymous_1)
FN:40,(anonymous_2)
FN:65,(anonymous_3)
FN:99,(anonymous_4)
FN:136,(anonymous_5)
FN:157,(anonymous_6)
FNF:7
FNH:7
FNDA:3,(anonymous_0)
FNDA:7,(anonymous_1)
FNDA:5,(anonymous_2)
FNDA:5,(anonymous_3)
FNDA:9,(anonymous_4)
FNDA:2,(anonymous_5)
FNDA:4,(anonymous_6)
DA:1,1
DA:7,1
DA:8,3
DA:10,3
DA:15,3
DA:17,3
DA:24,1
DA:25,7
DA:26,6
DA:27,5
DA:28,4
DA:29,3
DA:30,2
DA:31,1
DA:40,1
DA:41,5
DA:42,5
DA:44,5
DA:46,2
DA:49,3
DA:51,3
DA:52,1
DA:55,2
DA:65,1
DA:66,5
DA:67,5
DA:69,5
DA:70,1
DA:73,4
DA:75,3
DA:76,1
DA:79,2
DA:81,2
DA:82,1
DA:85,1
DA:88,1
DA:89,1
DA:99,1
DA:100,9
DA:101,9
DA:103,8
DA:104,1
DA:107,7
DA:109,7
DA:125,1
DA:126,1
DA:136,1
DA:137,2
DA:138,2
DA:143,1
DA:146,1
DA:147,1
DA:157,1
DA:158,4
DA:159,4
DA:161,4
DA:162,1
DA:165,3
DA:171,2
DA:172,1
DA:175,1
DA:178,1
DA:179,1
LF:63
LH:63
BRDA:15,0,0,1
BRDA:15,0,1,2
BRDA:25,1,0,1
BRDA:25,1,1,6
BRDA:26,2,0,1
BRDA:26,2,1,5
BRDA:27,3,0,1
BRDA:27,3,1,4
BRDA:28,4,0,1
BRDA:28,4,1,3
BRDA:29,5,0,1
BRDA:29,5,1,2
BRDA:30,6,0,1
BRDA:30,6,1,1
BRDA:51,7,0,1
BRDA:51,7,1,2
BRDA:55,8,0,2
BRDA:55,8,1,1
BRDA:69,9,0,1
BRDA:69,9,1,4
BRDA:69,10,0,5
BRDA:69,10,1,4
BRDA:75,11,0,1
BRDA:75,11,1,2
BRDA:81,12,0,1
BRDA:81,12,1,1
BRDA:103,13,0,1
BRDA:103,13,1,7
BRDA:107,14,0,7
BRDA:107,14,1,1
BRDA:161,15,0,1
BRDA:161,15,1,3
BRDA:171,16,0,1
BRDA:171,16,1,1
BRF:34
BRH:34
end_of_record
TN:
SF:controllers/coworkingspaces.js
FN:10,(anonymous_0)
FN:15,(anonymous_1)
FN:18,(anonymous_2)
FN:79,(anonymous_3)
FN:103,(anonymous_4)
FN:129,(anonymous_5)
FN:163,(anonymous_6)
FN:188,(anonymous_7)
FNF:8
FNH:8
FNDA:6,(anonymous_0)
FNDA:24,(anonymous_1)
FNDA:1,(anonymous_2)
FNDA:3,(anonymous_3)
FNDA:4,(anonymous_4)
FNDA:5,(anonymous_5)
FNDA:3,(anonymous_6)
FNDA:6,(anonymous_7)
DA:1,1
DA:2,1
DA:10,1
DA:11,6
DA:12,6
DA:14,6
DA:15,24
DA:17,6
DA:18,6
DA:20,6
DA:27,5
DA:28,1
DA:29,1
DA:32,5
DA:33,1
DA:34,1
DA:36,4
DA:39,5
DA:40,5
DA:41,5
DA:42,5
DA:44,5
DA:46,5
DA:48,5
DA:50,5
DA:52,5
DA:53,2
DA:56,5
DA:57,1
DA:60,5
DA:68,1
DA:69,1
DA:79,1
DA:80,3
DA:81,3
DA:85,2
DA:86,1
DA:89,1
DA:92,1
DA:93,1
DA:103,1
DA:104,4
DA:105,4
DA:107,1
DA:110,3
DA:112,3
DA:113,1
DA:119,2
DA:129,1
DA:130,5
DA:131,5
DA:137,2
DA:138,1
DA:141,1
DA:144,3
DA:146,3
DA:147,1
DA:153,2
DA:163,1
DA:164,3
DA:165,3
DA:167,2
DA:168,1
DA:171,1
DA:172,1
DA:174,1
DA:177,1
DA:178,1
DA:188,1
DA:189,6
DA:190,6
DA:192,6
DA:193,1
DA:196,5
DA:198,4
DA:199,1
DA:202,3
DA:203,3
DA:204,3
DA:206,3
DA:212,3
DA:215,1
DA:216,1
LF:83
LH:83
BRDA:27,0,0,1
BRDA:27,0,1,4
BRDA:32,1,0,1
BRDA:32,1,1,4
BRDA:39,2,0,5
BRDA:39,2,1,3
BRDA:40,3,0,5
BRDA:40,3,1,3
BRDA:52,4,0,2
BRDA:52,4,1,3
BRDA:56,5,0,1
BRDA:56,5,1,4
BRDA:85,6,0,1
BRDA:85,6,1,1
BRDA:112,7,0,1
BRDA:112,7,1,2
BRDA:119,8,0,2
BRDA:119,8,1,1
BRDA:137,9,0,1
BRDA:137,9,1,1
BRDA:146,10,0,1
BRDA:146,10,1,2
BRDA:153,11,0,2
BRDA:153,11,1,1
BRDA:167,12,0,1
BRDA:167,12,1,1
BRDA:192,13,0,1
BRDA:192,13,1,5
BRDA:192,14,0,6
BRDA:192,14,1,2
BRDA:198,15,0,1
BRDA:198,15,1,3
BRDA:203,16,0,2
BRDA:203,16,1,1
BRDA:204,17,0,2
BRDA:204,17,1,1
BRF:36
BRH:36
end_of_record
TN:
SF:controllers/reservations.js
FN:9,(anonymous_0)
FN:41,(anonymous_1)
FN:84,(anonymous_2)
FN:136,(anonymous_3)
FN:163,(anonymous_4)
FN:239,(anonymous_5)
FN:300,(anonymous_6)
FN:337,(anonymous_7)
FN:376,(anonymous_8)
FNF:9
FNH:9
FNDA:11,(anonymous_0)
FNDA:7,(anonymous_1)
FNDA:5,(anonymous_2)
FNDA:16,(anonymous_3)
FNDA:15,(anonymous_4)
FNDA:10,(anonymous_5)
FNDA:5,(anonymous_6)
FNDA:6,(anonymous_7)
FNDA:5,(anonymous_8)
DA:1,1
DA:2,1
DA:3,1
DA:4,1
DA:9,1
DA:10,11
DA:12,11
DA:13,1
DA:19,10
DA:20,1
DA:26,9
DA:27,1
DA:33,8
DA:41,1
DA:42,7
DA:43,7
DA:46,7
DA:47,1
DA:50,7
DA:71,2
DA:77,5
DA:84,1
DA:85,5
DA:86,5
DA:106,4
DA:107,1
DA:114,3
DA:118,1
DA:124,2
DA:129,1
DA:136,1
DA:137,16
DA:138,16
DA:141,16
DA:142,4
DA:149,12
DA:153,11
DA:154,1
DA:160,10
DA:163,15
DA:164,10
DA:165,1
DA:172,9
DA:173,4
DA:174,4
DA:176,4
DA:177,3
DA:185,6
DA:190,6
DA:191,1
DA:198,5
DA:203,5
DA:204,2
DA:211,3
DA:214,3
DA:226,3
DA:232,1
DA:239,1
DA:240,10
DA:241,10
DA:243,9
DA:244,1
DA:247,8
DA:251,1
DA:254,7
DA:255,1
DA:261,6
DA:263,6
DA:264,1
DA:271,5
DA:277,5
DA:278,1
DA:284,4
DA:285,4
DA:287,4
DA:293,1
DA:300,1
DA:301,5
DA:302,5
DA:304,4
DA:305,1
DA:311,3
DA:315,1
DA:321,2
DA:322,2
DA:324,2
DA:330,1
DA:337,1
DA:338,6
DA:339,6
DA:340,2
DA:346,4
DA:348,3
DA:349,1
DA:355,2
DA:356,2
DA:358,2
DA:362,2
DA:369,1
DA:376,1
DA:377,5
DA:378,5
DA:380,4
DA:381,1
DA:387,3
DA:391,1
DA:397,2
DA:399,2
DA:404,1
LF:109
LH:109
BRDA:12,0,0,1
BRDA:12,0,1,10
BRDA:19,1,0,1
BRDA:19,1,1,9
BRDA:26,2,0,1
BRDA:26,2,1,8
BRDA:46,3,0,1
BRDA:46,3,1,6
BRDA:106,4,0,1
BRDA:106,4,1,3
BRDA:114,5,0,1
BRDA:114,5,1,2
BRDA:115,6,0,3
BRDA:115,6,1,2
BRDA:141,7,0,4
BRDA:141,7,1,12
BRDA:141,8,0,16
BRDA:141,8,1,15
BRDA:141,8,2,13
BRDA:153,9,0,1
BRDA:153,9,1,10
BRDA:164,10,0,1
BRDA:164,10,1,9
BRDA:176,11,0,3
BRDA:176,11,1,1
BRDA:190,12,0,1
BRDA:190,12,1,5
BRDA:203,13,0,2
BRDA:203,13,1,3
BRDA:243,14,0,1
BRDA:243,14,1,8
BRDA:247,15,0,1
BRDA:247,15,1,7
BRDA:248,16,0,8
BRDA:248,16,1,3
BRDA:254,17,0,1
BRDA:254,17,1,6
BRDA:263,18,0,1
BRDA:263,18,1,5
BRDA:263,19,0,6
BRDA:263,19,1,5
BRDA:277,20,0,1
BRDA:277,20,1,4
BRDA:304,21,0,1
BRDA:304,21,1,3
BRDA:311,22,0,1
BRDA:311,22,1,2
BRDA:312,23,0,3
BRDA:312,23,1,2
BRDA:339,24,0,2
BRDA:339,24,1,4
BRDA:348,25,0,1
BRDA:348,25,1,2
BRDA:380,26,0,1
BRDA:380,26,1,3
BRDA:387,27,0,1
BRDA:387,27,1,2
BRDA:388,28,0,3
BRDA:388,28,1,2
BRF:59
BRH:59
end_of_record
TN:
SF:controllers/rooms.js
FN:10,(anonymous_0)
FN:61,(anonymous_1)
FN:84,(anonymous_2)
FN:118,(anonymous_3)
FN:118,(anonymous_4)
FN:121,(anonymous_5)
FN:168,(anonymous_6)
FN:193,(anonymous_7)
FN:221,(anonymous_8)
FN:221,(anonymous_9)
FN:224,(anonymous_10)
FN:257,(anonymous_11)
FN:315,(anonymous_12)
FNF:13
FNH:13
FNDA:12,(anonymous_0)
FNDA:4,(anonymous_1)
FNDA:8,(anonymous_2)
FNDA:2,(anonymous_3)
FNDA:2,(anonymous_4)
FNDA:6,(anonymous_5)
FNDA:4,(anonymous_6)
FNDA:10,(anonymous_7)
FNDA:2,(anonymous_8)
FNDA:2,(anonymous_9)
FNDA:6,(anonymous_10)
FNDA:12,(anonymous_11)
FNDA:8,(anonymous_12)
DA:1,8
DA:2,8
DA:3,8
DA:4,8
DA:5,8
DA:10,8
DA:11,12
DA:12,12
DA:14,12
DA:15,2
DA:22,10
DA:23,8
DA:24,2
DA:31,6
DA:32,6
DA:33,2
DA:39,4
DA:44,4
DA:50,2
DA:51,2
DA:61,8
DA:62,4
DA:63,4
DA:66,2
DA:73,2
DA:74,2
DA:84,8
DA:85,8
DA:86,8
DA:88,8
DA:89,2
DA:95,6
DA:98,4
DA:100,4
DA:101,4
DA:104,4
DA:112,4
DA:117,4
DA:118,2
DA:121,4
DA:122,6
DA:124,6
DA:125,6
DA:127,6
DA:128,4
DA:130,6
DA:139,4
DA:149,4
DA:156,2
DA:157,2
DA:168,8
DA:169,4
DA:170,4
DA:172,4
DA:177,2
DA:184,2
DA:185,2
DA:193,8
DA:194,10
DA:195,10
DA:201,8
DA:202,2
DA:206,6
DA:207,4
DA:208,4
DA:215,4
DA:220,4
DA:221,2
DA:224,4
DA:225,6
DA:226,6
DA:227,6
DA:228,6
DA:229,4
DA:231,6
DA:240,4
DA:246,2
DA:249,2
DA:250,2
DA:257,8
DA:258,12
DA:259,12
DA:261,10
DA:262,2
DA:269,8
DA:270,4
DA:271,4
DA:272,2
DA:280,6
DA:286,6
DA:287,2
DA:292,4
DA:293,2
DA:295,4
DA:296,4
DA:298,4
DA:304,2
DA:305,2
DA:315,8
DA:316,8
DA:317,8
DA:319,6
DA:320,2
DA:326,4
DA:331,4
DA:332,2
DA:338,2
DA:339,2
DA:341,2
DA:347,2
DA:348,2
LF:111
LH:111
BRDA:14,0,0,2
BRDA:14,0,1,10
BRDA:14,1,0,12
BRDA:14,1,1,12
BRDA:14,1,2,12
BRDA:14,1,3,10
BRDA:23,2,0,2
BRDA:23,2,1,6
BRDA:32,3,0,2
BRDA:32,3,1,4
BRDA:41,4,0,4
BRDA:41,4,1,2
BRDA:88,5,0,2
BRDA:88,5,1,6
BRDA:107,6,0,4
BRDA:107,6,1,2
BRDA:108,7,0,4
BRDA:108,7,1,2
BRDA:127,8,0,2
BRDA:127,8,1,4
BRDA:127,9,0,6
BRDA:127,9,1,4
BRDA:128,10,0,2
BRDA:128,10,1,2
BRDA:134,11,0,2
BRDA:134,11,1,4
BRDA:201,12,0,2
BRDA:201,12,1,6
BRDA:206,13,0,4
BRDA:206,13,1,2
BRDA:211,14,0,4
BRDA:211,14,1,2
BRDA:212,15,0,4
BRDA:212,15,1,2
BRDA:228,16,0,2
BRDA:228,16,1,4
BRDA:228,17,0,6
BRDA:228,17,1,4
BRDA:229,18,0,2
BRDA:229,18,1,2
BRDA:235,19,0,2
BRDA:235,19,1,4
BRDA:261,20,0,2
BRDA:261,20,1,8
BRDA:269,21,0,4
BRDA:269,21,1,4
BRDA:271,22,0,2
BRDA:271,22,1,2
BRDA:282,23,0,6
BRDA:282,23,1,4
BRDA:286,24,0,2
BRDA:286,24,1,4
BRDA:292,25,0,2
BRDA:292,25,1,2
BRDA:319,26,0,2
BRDA:319,26,1,4
BRDA:331,27,0,2
BRDA:331,27,1,2
BRF:58
BRH:58
end_of_record
TN:
SF:controllers/timeslots.js
FN:5,(anonymous_0)
FN:65,(anonymous_1)
FNF:2
FNH:2
FNDA:7,(anonymous_0)
FNDA:2,(anonymous_1)
DA:1,1
DA:2,1
DA:5,1
DA:6,7
DA:7,7
DA:10,7
DA:11,6
DA:12,1
DA:15,5
DA:16,5
DA:17,1
DA:21,4
DA:22,4
DA:23,4
DA:24,4
DA:26,4
DA:27,4
DA:29,4
DA:30,4
DA:31,4
DA:32,4
DA:35,4
DA:36,2
DA:43,2
DA:49,2
DA:50,1
DA:54,1
DA:56,1
DA:59,1
DA:60,1
DA:65,1
DA:66,2
DA:67,2
DA:71,1
DA:74,1
DA:75,1
LF:36
LH:36
BRDA:11,0,0,1
BRDA:11,0,1,5
BRDA:16,1,0,1
BRDA:16,1,1,4
BRDA:35,2,0,2
BRDA:35,2,1,2
BRDA:35,3,0,4
BRDA:35,3,1,3
BRDA:49,4,0,1
BRDA:49,4,1,1
BRF:10
BRH:10
end_of_record
TN:
SF:utils/generateTimeSlots.js
FN:15,generateDailySlots
FN:31,(anonymous_1)
FNF:2
FNH:2
FNDA:13,generateDailySlots
FNDA:3,(anonymous_1)
DA:1,1
DA:16,13
DA:17,13
DA:19,13
DA:20,13
DA:21,13
DA:22,13
DA:25,13
DA:30,12
DA:31,3
DA:34,12
DA:37,12
DA:38,12
DA:40,12
DA:41,12
DA:43,12
DA:44,29
DA:45,29
DA:46,29
DA:48,29
DA:50,28
DA:51,25
DA:54,28
DA:57,12
DA:58,10
DA:62,11
DA:68,1
LF:27
LH:27
BRDA:15,0,0,1
BRDA:15,1,0,1
BRDA:48,2,0,1
BRDA:48,2,1,28
BRDA:50,3,0,25
BRDA:50,3,1,3
BRDA:57,4,0,10
BRDA:57,4,1,2
BRF:8
BRH:8
end_of_record
